Build started 5. 6. 2016 19:40:31.
     1>Project "C:\Users\m1tnick\Documents\WorldOfWraithRPG\Source\WOW_Klient\WOW_Klient.vcxproj" on node 2 (Build target(s)).
     1>ClCompile:
         C:\Program Files (x86)\Microsoft Visual Studio 12.0\VC\bin\CL.exe /c /I"C:\Users\m1tnick\Documents\WorldOfWraithRPG\Visual Studio\\..\Irrlicht\include\\" /I"C:\Users\m1tnick\Documents\WorldOfWraithRPG\Visual Studio\\..\irrKlang\include\\" /ZI /nologo /W3 /WX- /Od /Oy- /D WIN32 /D _DEBUG /D _CONSOLE /D _LIB /D _UNICODE /D UNICODE /Gm /EHsc /RTC1 /MDd /GS /fp:precise /Zc:wchar_t /Zc:forScope /Fo"Debug\\" /Fd"Debug\vc120.pdb" /Gd /TP /analyze- /errorReport:prompt CLoginManager.cpp
         CLoginManager.cpp
       Link:
         C:\Program Files (x86)\Microsoft Visual Studio 12.0\VC\bin\link.exe /ERRORREPORT:PROMPT /OUT:"C:\Users\m1tnick\Documents\WorldOfWraithRPG\Visual Studio\\..\Bin\MSVC32\Debug\WOW_Klient.exe" /INCREMENTAL /NOLOGO /LIBPATH:"C:\Users\m1tnick\Documents\WorldOfWraithRPG\Visual Studio\\..\Irrlicht\lib\MSVC32" /LIBPATH:"C:\Users\m1tnick\Documents\WorldOfWraithRPG\Visual Studio\\..\Bin\MSVC32\Debug\\" /LIBPATH:"C:\Users\m1tnick\Documents\WorldOfWraithRPG\Visual Studio\\..\irrKlang\lib\MSVC32" irrlicht.lib irrKlang.lib kernel32.lib user32.lib gdi32.lib winspool.lib comdlg32.lib advapi32.lib shell32.lib ole32.lib oleaut32.lib uuid.lib odbc32.lib odbccp32.lib /MANIFEST /MANIFESTUAC:"level='asInvoker' uiAccess='false'" /manifest:embed /DEBUG /PDB:"C:\Users\m1tnick\Documents\WorldOfWraithRPG\Visual Studio\\..\Bin\MSVC32\Debug\WOW_Klient.pdb" /SUBSYSTEM:CONSOLE /TLBID:1 /DYNAMICBASE /NXCOMPAT /IMPLIB:"C:\Users\m1tnick\Documents\WorldOfWraithRPG\Visual Studio\\..\Bin\MSVC32\Debug\WOW_Klient.lib" /MACHINE:X86 Debug\CColManager.obj
         Debug\CConfigLoader.obj
         Debug\CCore.obj
         Debug\CIntro.obj
         Debug\CLoginManager.obj
         Debug\CMain.obj
         Debug\CWoWCollisionAnimator.obj
         Debug\CWOWKlient.obj
         Debug\CWoWLikeCameraAnimator.obj
         Debug\RealisticWater.obj
         Debug\CTestScenes.obj
         WOW_Klient.vcxproj -> C:\Users\m1tnick\Documents\WorldOfWraithRPG\Visual Studio\\..\Bin\MSVC32\Debug\WOW_Klient.exe
     1>Done Building Project "C:\Users\m1tnick\Documents\WorldOfWraithRPG\Source\WOW_Klient\WOW_Klient.vcxproj" (Build target(s)).

Build succeeded.

Time Elapsed 00:00:01.07
