c:\users\m1tnick\documents\worldofwraithrpg\source\wow_klient\debug\vc120.pdb
c:\users\m1tnick\documents\worldofwraithrpg\source\wow_klient\debug\vc120.idb
c:\users\m1tnick\documents\worldofwraithrpg\source\wow_klient\debug\ccolmanager.obj
c:\users\m1tnick\documents\worldofwraithrpg\source\wow_klient\debug\cconfigloader.obj
c:\users\m1tnick\documents\worldofwraithrpg\source\wow_klient\debug\ccore.obj
c:\users\m1tnick\documents\worldofwraithrpg\source\wow_klient\debug\cintro.obj
c:\users\m1tnick\documents\worldofwraithrpg\source\wow_klient\debug\cloginmanager.obj
c:\users\m1tnick\documents\worldofwraithrpg\source\wow_klient\debug\cmain.obj
c:\users\m1tnick\documents\worldofwraithrpg\source\wow_klient\debug\cmeshfunctions.obj
c:\users\m1tnick\documents\worldofwraithrpg\source\wow_klient\debug\cserverconnector.obj
c:\users\m1tnick\documents\worldofwraithrpg\source\wow_klient\debug\cwowcollisionanimator.obj
c:\users\m1tnick\documents\worldofwraithrpg\source\wow_klient\debug\cwowklient.obj
c:\users\m1tnick\documents\worldofwraithrpg\source\wow_klient\debug\cwowlikecameraanimator.obj
c:\users\m1tnick\documents\worldofwraithrpg\source\wow_klient\debug\crealisticwater.obj
c:\users\m1tnick\documents\worldofwraithrpg\source\wow_klient\debug\ctestscenes.obj
c:\users\m1tnick\documents\worldofwraithrpg\bin\msvc32\debug\wow_klient.ilk
c:\users\m1tnick\documents\worldofwraithrpg\bin\msvc32\debug\wow_klient.exe
c:\users\m1tnick\documents\worldofwraithrpg\bin\msvc32\debug\wow_klient.pdb
c:\users\m1tnick\documents\worldofwraithrpg\visual studio\\..\bin\msvc32\debug\wow_klient.pdb
c:\users\m1tnick\documents\worldofwraithrpg\visual studio\\..\bin\msvc32\debug\wow_klient.exe
c:\users\m1tnick\documents\worldofwraithrpg\visual studio\\..\bin\msvc32\debug\wow_klient.ilk
c:\users\m1tnick\documents\worldofwraithrpg\source\wow_klient\debug\wow_klient.tlog\cl.command.1.tlog
c:\users\m1tnick\documents\worldofwraithrpg\source\wow_klient\debug\wow_klient.tlog\cl.read.1.tlog
c:\users\m1tnick\documents\worldofwraithrpg\source\wow_klient\debug\wow_klient.tlog\cl.write.1.tlog
c:\users\m1tnick\documents\worldofwraithrpg\source\wow_klient\debug\wow_klient.tlog\link.command.1.tlog
c:\users\m1tnick\documents\worldofwraithrpg\source\wow_klient\debug\wow_klient.tlog\link.read.1.tlog
c:\users\m1tnick\documents\worldofwraithrpg\source\wow_klient\debug\wow_klient.tlog\link.write.1.tlog
