c:\users\m1tnick\documents\worldofwraithrpg\source\wow_klient\release\vc120.pdb
c:\users\m1tnick\documents\worldofwraithrpg\source\wow_klient\release\ctestscenes.obj
c:\users\m1tnick\documents\worldofwraithrpg\source\wow_klient\release\crealisticwater.obj
c:\users\m1tnick\documents\worldofwraithrpg\source\wow_klient\release\cwowlikecameraanimator.obj
c:\users\m1tnick\documents\worldofwraithrpg\source\wow_klient\release\cwowklient.obj
c:\users\m1tnick\documents\worldofwraithrpg\source\wow_klient\release\cwowcollisionanimator.obj
c:\users\m1tnick\documents\worldofwraithrpg\source\wow_klient\release\cserverconnector.obj
c:\users\m1tnick\documents\worldofwraithrpg\source\wow_klient\release\cmeshfunctions.obj
c:\users\m1tnick\documents\worldofwraithrpg\source\wow_klient\release\cmaploader.obj
c:\users\m1tnick\documents\worldofwraithrpg\source\wow_klient\release\cmapeditor.obj
c:\users\m1tnick\documents\worldofwraithrpg\source\wow_klient\release\cmain.obj
c:\users\m1tnick\documents\worldofwraithrpg\source\wow_klient\release\cloginmanager.obj
c:\users\m1tnick\documents\worldofwraithrpg\source\wow_klient\release\cintro.obj
c:\users\m1tnick\documents\worldofwraithrpg\source\wow_klient\release\ccore.obj
c:\users\m1tnick\documents\worldofwraithrpg\source\wow_klient\release\cconfigloader.obj
c:\users\m1tnick\documents\worldofwraithrpg\source\wow_klient\release\ccolmanager.obj
c:\users\m1tnick\documents\worldofwraithrpg\source\wow_klient\release\cnetworkconnector.obj
c:\users\m1tnick\documents\worldofwraithrpg\source\wow_klient\release\cmapeditoreventreciever.obj
c:\users\m1tnick\documents\worldofwraithrpg\bin\msvc32\release\wow_klient.exe
c:\users\m1tnick\documents\worldofwraithrpg\bin\msvc32\release\wow_klient.pdb
c:\users\m1tnick\documents\worldofwraithrpg\visual studio\\..\bin\msvc32\release\wow_klient.pdb
c:\users\m1tnick\documents\worldofwraithrpg\visual studio\\..\bin\msvc32\release\wow_klient.exe
c:\users\m1tnick\documents\worldofwraithrpg\source\wow_klient\release\wow_klient.tlog\cl.command.1.tlog
c:\users\m1tnick\documents\worldofwraithrpg\source\wow_klient\release\wow_klient.tlog\cl.read.1.tlog
c:\users\m1tnick\documents\worldofwraithrpg\source\wow_klient\release\wow_klient.tlog\cl.write.1.tlog
c:\users\m1tnick\documents\worldofwraithrpg\source\wow_klient\release\wow_klient.tlog\link.command.1.tlog
c:\users\m1tnick\documents\worldofwraithrpg\source\wow_klient\release\wow_klient.tlog\link.read.1.tlog
c:\users\m1tnick\documents\worldofwraithrpg\source\wow_klient\release\wow_klient.tlog\link.write.1.tlog
