c:\users\vkraka\documents\world_of_wraith_backup\source\wow_server\debug\vc120.pdb
c:\users\vkraka\documents\world_of_wraith_backup\source\wow_server\debug\vc120.idb
c:\users\vkraka\documents\world_of_wraith_backup\source\wow_server\debug\cbasicfunctions.obj
c:\users\vkraka\documents\world_of_wraith_backup\source\wow_server\debug\cserverinit.obj
c:\users\vkraka\documents\world_of_wraith_backup\source\wow_server\debug\cserverinstance.obj
c:\users\vkraka\documents\world_of_wraith_backup\source\wow_server\debug\cwowserver.obj
c:\users\vkraka\documents\worldofwraithrpg\source\wow_server\debug\vc120.pdb
c:\users\vkraka\documents\worldofwraithrpg\source\wow_server\debug\vc120.idb
c:\users\vkraka\documents\worldofwraithrpg\source\wow_server\debug\cbasicfunctions.obj
c:\users\vkraka\documents\worldofwraithrpg\source\wow_server\debug\cserverinit.obj
c:\users\vkraka\documents\worldofwraithrpg\source\wow_server\debug\cserverinstance.obj
c:\users\vkraka\documents\worldofwraithrpg\source\wow_server\debug\cwowserver.obj
c:\users\vkraka\documents\world_of_wraith_backup\visual studio\debug\wow_server.ilk
c:\users\vkraka\documents\world_of_wraith_backup\visual studio\debug\wow_server.exe
c:\users\vkraka\documents\world_of_wraith_backup\visual studio\debug\wow_server.pdb
c:\users\vkraka\documents\worldofwraithrpg\visual studio\debug\wow_server.ilk
c:\users\vkraka\documents\worldofwraithrpg\visual studio\debug\wow_server.exe
c:\users\vkraka\documents\worldofwraithrpg\visual studio\debug\wow_server.pdb
c:\users\m1tnick\documents\worldofwraithrpg\source\wow_server\debug\cbasicfunctions.obj
c:\users\m1tnick\documents\worldofwraithrpg\source\wow_server\debug\cserverinit.obj
c:\users\m1tnick\documents\worldofwraithrpg\source\wow_server\debug\cserverinstance.obj
c:\users\m1tnick\documents\worldofwraithrpg\source\wow_server\debug\cwowserver.obj
c:\users\m1tnick\documents\worldofwraithrpg\source\wow_server\debug\vc120.idb
c:\users\m1tnick\documents\worldofwraithrpg\source\wow_server\debug\vc120.pdb
c:\users\m1tnick\documents\worldofwraithrpg\visual studio\debug\wow_server.pdb
c:\users\m1tnick\documents\worldofwraithrpg\visual studio\debug\wow_server.exe
c:\users\m1tnick\documents\worldofwraithrpg\visual studio\debug\wow_server.ilk
c:\users\m1tnick\documents\worldofwraithrpg\source\wow_server\debug\wow_server.tlog\cl.command.1.tlog
c:\users\m1tnick\documents\worldofwraithrpg\source\wow_server\debug\wow_server.tlog\cl.read.1.tlog
c:\users\m1tnick\documents\worldofwraithrpg\source\wow_server\debug\wow_server.tlog\cl.write.1.tlog
c:\users\m1tnick\documents\worldofwraithrpg\source\wow_server\debug\wow_server.tlog\link.command.1.tlog
c:\users\m1tnick\documents\worldofwraithrpg\source\wow_server\debug\wow_server.tlog\link.read.1.tlog
c:\users\m1tnick\documents\worldofwraithrpg\source\wow_server\debug\wow_server.tlog\link.write.1.tlog
